<?xml version="1.0" encoding="UTF-8"?>
<!-- Generated by org.testng.reporters.JUnitReportReporter -->
<testsuite skipped="0" hostname="NTB-11887" name="com.test.testngTest.ExceptionTest" tests="1" failures="0" timestamp="14 Jul 2019 14:33:21 GMT" time="0.005" errors="0">
  <testcase name="test1" time="0.005" classname="com.test.testngTest.ExceptionTest"/>
</testsuite> <!-- com.test.testngTest.ExceptionTest -->
