<?xml version="1.0" encoding="UTF-8"?>
<!-- Generated by org.testng.reporters.JUnitReportReporter -->
<testsuite skipped="0" hostname="NTB-11887" name="com.test.testngTest.InvocationCount" tests="10" failures="0" timestamp="14 Jul 2019 13:30:48 GMT" time="0.032" errors="0">
  <testcase name="sum" time="0.001" classname="com.test.testngTest.InvocationCount"/>
  <testcase name="sum" time="0.003" classname="com.test.testngTest.InvocationCount"/>
  <testcase name="sum" time="0.004" classname="com.test.testngTest.InvocationCount"/>
  <testcase name="sum" time="0.003" classname="com.test.testngTest.InvocationCount"/>
  <testcase name="sum" time="0.002" classname="com.test.testngTest.InvocationCount"/>
  <testcase name="sum" time="0.009" classname="com.test.testngTest.InvocationCount"/>
  <testcase name="sum" time="0.001" classname="com.test.testngTest.InvocationCount"/>
  <testcase name="sum" time="0.003" classname="com.test.testngTest.InvocationCount"/>
  <testcase name="sum" time="0.002" classname="com.test.testngTest.InvocationCount"/>
  <testcase name="sum" time="0.004" classname="com.test.testngTest.InvocationCount"/>
</testsuite> <!-- com.test.testngTest.InvocationCount -->
