<?xml version="1.0" encoding="UTF-8"?>
<!-- Generated by org.testng.reporters.JUnitReportReporter -->
<testsuite skipped="0" hostname="NTB-11887" name="com.test.testngTest.TestNgFeature" tests="3" failures="0" timestamp="14 Jul 2019 13:25:43 GMT" time="0.016" errors="0">
  <testcase name="loginTest" time="0.012" classname="com.test.testngTest.TestNgFeature"/>
  <testcase name="HomePageTest" time="0.003" classname="com.test.testngTest.TestNgFeature"/>
  <testcase name="SearchPagetest" time="0.001" classname="com.test.testngTest.TestNgFeature"/>
</testsuite> <!-- com.test.testngTest.TestNgFeature -->
