<?xml version="1.0" encoding="UTF-8"?>
<!-- Generated by org.testng.reporters.JUnitReportReporter -->
<testsuite skipped="0" hostname="NTB-11887" name="com.test.testngTest.TestNgBasics" tests="4" failures="0" timestamp="14 Jul 2019 14:33:21 GMT" time="0.015" errors="0">
  <testcase name="test1" time="0.005" classname="com.test.testngTest.TestNgBasics"/>
  <testcase name="googleTitle" time="0.003" classname="com.test.testngTest.TestNgBasics"/>
  <testcase name="logotest" time="0.004" classname="com.test.testngTest.TestNgBasics"/>
  <testcase name="searchTest" time="0.003" classname="com.test.testngTest.TestNgBasics"/>
</testsuite> <!-- com.test.testngTest.TestNgBasics -->
