<?xml version="1.0" encoding="UTF-8"?>
<!-- Generated by org.testng.reporters.JUnitReportReporter -->
<testsuite skipped="0" hostname="NTB-11887" name="com.test.testngTest.GoogleTest" tests="3" failures="0" timestamp="14 Jul 2019 14:33:21 GMT" time="29.800" errors="0">
  <testcase name="googleTitleTest" time="13.966" classname="com.test.testngTest.GoogleTest"/>
  <testcase name="mailLinkTest" time="7.926" classname="com.test.testngTest.GoogleTest"/>
  <testcase name="googleLogoTest" time="7.908" classname="com.test.testngTest.GoogleTest"/>
</testsuite> <!-- com.test.testngTest.GoogleTest -->
